{"C:/www/NUTRECIPE/cypress.config.ts": {"path":"C:/www/NUTRECIPE/cypress.config.ts","statementMap":{},"fnMap":{},"branchMap":{},"s":{},"f":{},"b":{}}
,"C:/www/NUTRECIPE/sonar-project.js": {"path":"C:/www/NUTRECIPE/sonar-project.js","statementMap":{},"fnMap":{},"branchMap":{},"s":{},"f":{},"b":{}}
,"C:/www/NUTRECIPE/application/angular-webapp/karma.conf.js": {"path":"C:/www/NUTRECIPE/application/angular-webapp/karma.conf.js","statementMap":{},"fnMap":{},"branchMap":{},"s":{},"f":{},"b":{}}
,"C:/www/NUTRECIPE/application/angular-webapp/coverage/angular-webapp/block-navigation.js": {"path":"C:/www/NUTRECIPE/application/angular-webapp/coverage/angular-webapp/block-navigation.js","statementMap":{},"fnMap":{},"branchMap":{},"s":{},"f":{},"b":{}}
,"C:/www/NUTRECIPE/application/angular-webapp/coverage/angular-webapp/prettify.js": {"path":"C:/www/NUTRECIPE/application/angular-webapp/coverage/angular-webapp/prettify.js","statementMap":{},"fnMap":{},"branchMap":{},"s":{},"f":{},"b":{}}
,"C:/www/NUTRECIPE/application/angular-webapp/coverage/angular-webapp/sorter.js": {"path":"C:/www/NUTRECIPE/application/angular-webapp/coverage/angular-webapp/sorter.js","statementMap":{},"fnMap":{},"branchMap":{},"s":{},"f":{},"b":{}}
,"C:/www/NUTRECIPE/application/angular-webapp/coverage/angular-webapp/lcov-report/block-navigation.js": {"path":"C:/www/NUTRECIPE/application/angular-webapp/coverage/angular-webapp/lcov-report/block-navigation.js","statementMap":{},"fnMap":{},"branchMap":{},"s":{},"f":{},"b":{}}
,"C:/www/NUTRECIPE/application/angular-webapp/coverage/angular-webapp/lcov-report/prettify.js": {"path":"C:/www/NUTRECIPE/application/angular-webapp/coverage/angular-webapp/lcov-report/prettify.js","statementMap":{},"fnMap":{},"branchMap":{},"s":{},"f":{},"b":{}}
,"C:/www/NUTRECIPE/application/angular-webapp/coverage/angular-webapp/lcov-report/sorter.js": {"path":"C:/www/NUTRECIPE/application/angular-webapp/coverage/angular-webapp/lcov-report/sorter.js","statementMap":{},"fnMap":{},"branchMap":{},"s":{},"f":{},"b":{}}
,"C:/www/NUTRECIPE/application/angular-webapp/src/main.ts": {"path":"C:/www/NUTRECIPE/application/angular-webapp/src/main.ts","statementMap":{},"fnMap":{},"branchMap":{},"s":{},"f":{},"b":{}}
,"C:/www/NUTRECIPE/application/angular-webapp/src/polyfills.ts": {"path":"C:/www/NUTRECIPE/application/angular-webapp/src/polyfills.ts","statementMap":{},"fnMap":{},"branchMap":{},"s":{},"f":{},"b":{}}
,"C:/www/NUTRECIPE/application/angular-webapp/src/test.ts": {"path":"C:/www/NUTRECIPE/application/angular-webapp/src/test.ts","statementMap":{},"fnMap":{},"branchMap":{},"s":{},"f":{},"b":{}}
,"C:/www/NUTRECIPE/application/angular-webapp/src/app/app-routing.module.ts": {"path":"C:/www/NUTRECIPE/application/angular-webapp/src/app/app-routing.module.ts","statementMap":{},"fnMap":{},"branchMap":{},"s":{},"f":{},"b":{}}
,"C:/www/NUTRECIPE/application/angular-webapp/src/app/app.component.spec.ts": {"path":"C:/www/NUTRECIPE/application/angular-webapp/src/app/app.component.spec.ts","statementMap":{},"fnMap":{},"branchMap":{},"s":{},"f":{},"b":{}}
,"C:/www/NUTRECIPE/application/angular-webapp/src/app/app.component.ts": {"path":"C:/www/NUTRECIPE/application/angular-webapp/src/app/app.component.ts","statementMap":{},"fnMap":{},"branchMap":{},"s":{},"f":{},"b":{}}
,"C:/www/NUTRECIPE/application/angular-webapp/src/app/app.module.ts": {"path":"C:/www/NUTRECIPE/application/angular-webapp/src/app/app.module.ts","statementMap":{},"fnMap":{},"branchMap":{},"s":{},"f":{},"b":{}}
,"C:/www/NUTRECIPE/application/angular-webapp/src/app/components/dashboard/dashboard/dashboard.component.spec.ts": {"path":"C:/www/NUTRECIPE/application/angular-webapp/src/app/components/dashboard/dashboard/dashboard.component.spec.ts","statementMap":{},"fnMap":{},"branchMap":{},"s":{},"f":{},"b":{}}
,"C:/www/NUTRECIPE/application/angular-webapp/src/app/components/dashboard/dashboard/dashboard.component.ts": {"path":"C:/www/NUTRECIPE/application/angular-webapp/src/app/components/dashboard/dashboard/dashboard.component.ts","statementMap":{},"fnMap":{},"branchMap":{},"s":{},"f":{},"b":{}}
,"C:/www/NUTRECIPE/application/angular-webapp/src/app/components/dialog/ingredient/dialog-ingredient/dialog-ingredient.component.spec.ts": {"path":"C:/www/NUTRECIPE/application/angular-webapp/src/app/components/dialog/ingredient/dialog-ingredient/dialog-ingredient.component.spec.ts","statementMap":{},"fnMap":{},"branchMap":{},"s":{},"f":{},"b":{}}
,"C:/www/NUTRECIPE/application/angular-webapp/src/app/components/dialog/ingredient/dialog-ingredient/dialog-ingredient.component.ts": {"path":"C:/www/NUTRECIPE/application/angular-webapp/src/app/components/dialog/ingredient/dialog-ingredient/dialog-ingredient.component.ts","statementMap":{},"fnMap":{},"branchMap":{},"s":{},"f":{},"b":{}}
,"C:/www/NUTRECIPE/application/angular-webapp/src/app/components/dialog/recipe/dialog-recipe/dialog-recipe.component.spec.ts": {"path":"C:/www/NUTRECIPE/application/angular-webapp/src/app/components/dialog/recipe/dialog-recipe/dialog-recipe.component.spec.ts","statementMap":{},"fnMap":{},"branchMap":{},"s":{},"f":{},"b":{}}
,"C:/www/NUTRECIPE/application/angular-webapp/src/app/components/dialog/recipe/dialog-recipe/dialog-recipe.component.ts": {"path":"C:/www/NUTRECIPE/application/angular-webapp/src/app/components/dialog/recipe/dialog-recipe/dialog-recipe.component.ts","statementMap":{},"fnMap":{},"branchMap":{},"s":{},"f":{},"b":{}}
,"C:/www/NUTRECIPE/application/angular-webapp/src/app/components/dialog/user/dialog-user/dialog-user.component.spec.ts": {"path":"C:/www/NUTRECIPE/application/angular-webapp/src/app/components/dialog/user/dialog-user/dialog-user.component.spec.ts","statementMap":{},"fnMap":{},"branchMap":{},"s":{},"f":{},"b":{}}
,"C:/www/NUTRECIPE/application/angular-webapp/src/app/components/dialog/user/dialog-user/dialog-user.component.ts": {"path":"C:/www/NUTRECIPE/application/angular-webapp/src/app/components/dialog/user/dialog-user/dialog-user.component.ts","statementMap":{},"fnMap":{},"branchMap":{},"s":{},"f":{},"b":{}}
,"C:/www/NUTRECIPE/application/angular-webapp/src/app/components/forgot-password/forgot-password/forgot-password.component.spec.ts": {"path":"C:/www/NUTRECIPE/application/angular-webapp/src/app/components/forgot-password/forgot-password/forgot-password.component.spec.ts","statementMap":{},"fnMap":{},"branchMap":{},"s":{},"f":{},"b":{}}
,"C:/www/NUTRECIPE/application/angular-webapp/src/app/components/forgot-password/forgot-password/forgot-password.component.ts": {"path":"C:/www/NUTRECIPE/application/angular-webapp/src/app/components/forgot-password/forgot-password/forgot-password.component.ts","statementMap":{},"fnMap":{},"branchMap":{},"s":{},"f":{},"b":{}}
,"C:/www/NUTRECIPE/application/angular-webapp/src/app/components/ingredientsPage/ingredients-page/ingredients-page.component.spec.ts": {"path":"C:/www/NUTRECIPE/application/angular-webapp/src/app/components/ingredientsPage/ingredients-page/ingredients-page.component.spec.ts","statementMap":{},"fnMap":{},"branchMap":{},"s":{},"f":{},"b":{}}
,"C:/www/NUTRECIPE/application/angular-webapp/src/app/components/ingredientsPage/ingredients-page/ingredients-page.component.ts": {"path":"C:/www/NUTRECIPE/application/angular-webapp/src/app/components/ingredientsPage/ingredients-page/ingredients-page.component.ts","statementMap":{},"fnMap":{},"branchMap":{},"s":{},"f":{},"b":{}}
,"C:/www/NUTRECIPE/application/angular-webapp/src/app/components/not-authorized/not-authorized/not-authorized.component.spec.ts": {"path":"C:/www/NUTRECIPE/application/angular-webapp/src/app/components/not-authorized/not-authorized/not-authorized.component.spec.ts","statementMap":{},"fnMap":{},"branchMap":{},"s":{},"f":{},"b":{}}
,"C:/www/NUTRECIPE/application/angular-webapp/src/app/components/not-authorized/not-authorized/not-authorized.component.ts": {"path":"C:/www/NUTRECIPE/application/angular-webapp/src/app/components/not-authorized/not-authorized/not-authorized.component.ts","statementMap":{},"fnMap":{},"branchMap":{},"s":{},"f":{},"b":{}}
,"C:/www/NUTRECIPE/application/angular-webapp/src/app/components/recipesPage/recipes-page/recipes-page.component.spec.ts": {"path":"C:/www/NUTRECIPE/application/angular-webapp/src/app/components/recipesPage/recipes-page/recipes-page.component.spec.ts","statementMap":{},"fnMap":{},"branchMap":{},"s":{},"f":{},"b":{}}
,"C:/www/NUTRECIPE/application/angular-webapp/src/app/components/recipesPage/recipes-page/recipes-page.component.ts": {"path":"C:/www/NUTRECIPE/application/angular-webapp/src/app/components/recipesPage/recipes-page/recipes-page.component.ts","statementMap":{},"fnMap":{},"branchMap":{},"s":{},"f":{},"b":{}}
,"C:/www/NUTRECIPE/application/angular-webapp/src/app/components/register/register/register.component.spec.ts": {"path":"C:/www/NUTRECIPE/application/angular-webapp/src/app/components/register/register/register.component.spec.ts","statementMap":{},"fnMap":{},"branchMap":{},"s":{},"f":{},"b":{}}
,"C:/www/NUTRECIPE/application/angular-webapp/src/app/components/register/register/register.component.ts": {"path":"C:/www/NUTRECIPE/application/angular-webapp/src/app/components/register/register/register.component.ts","statementMap":{},"fnMap":{},"branchMap":{},"s":{},"f":{},"b":{}}
,"C:/www/NUTRECIPE/application/angular-webapp/src/app/components/root/root.component.spec.ts": {"path":"C:/www/NUTRECIPE/application/angular-webapp/src/app/components/root/root.component.spec.ts","statementMap":{},"fnMap":{},"branchMap":{},"s":{},"f":{},"b":{}}
,"C:/www/NUTRECIPE/application/angular-webapp/src/app/components/root/root.component.ts": {"path":"C:/www/NUTRECIPE/application/angular-webapp/src/app/components/root/root.component.ts","statementMap":{},"fnMap":{},"branchMap":{},"s":{},"f":{},"b":{}}
,"C:/www/NUTRECIPE/application/angular-webapp/src/app/components/usersPage/users-page/users-page.component.spec.ts": {"path":"C:/www/NUTRECIPE/application/angular-webapp/src/app/components/usersPage/users-page/users-page.component.spec.ts","statementMap":{},"fnMap":{},"branchMap":{},"s":{},"f":{},"b":{}}
,"C:/www/NUTRECIPE/application/angular-webapp/src/app/components/usersPage/users-page/users-page.component.ts": {"path":"C:/www/NUTRECIPE/application/angular-webapp/src/app/components/usersPage/users-page/users-page.component.ts","statementMap":{},"fnMap":{},"branchMap":{},"s":{},"f":{},"b":{}}
,"C:/www/NUTRECIPE/application/angular-webapp/src/app/helpers/authconfig.interceptor.ts": {"path":"C:/www/NUTRECIPE/application/angular-webapp/src/app/helpers/authconfig.interceptor.ts","statementMap":{},"fnMap":{},"branchMap":{},"s":{},"f":{},"b":{}}
,"C:/www/NUTRECIPE/application/angular-webapp/src/app/interfaces/ICredentials.ts": {"path":"C:/www/NUTRECIPE/application/angular-webapp/src/app/interfaces/ICredentials.ts","statementMap":{},"fnMap":{},"branchMap":{},"s":{},"f":{},"b":{}}
,"C:/www/NUTRECIPE/application/angular-webapp/src/app/interfaces/IIngredient.ts": {"path":"C:/www/NUTRECIPE/application/angular-webapp/src/app/interfaces/IIngredient.ts","statementMap":{},"fnMap":{},"branchMap":{},"s":{},"f":{},"b":{}}
,"C:/www/NUTRECIPE/application/angular-webapp/src/app/interfaces/IRecipe.ts": {"path":"C:/www/NUTRECIPE/application/angular-webapp/src/app/interfaces/IRecipe.ts","statementMap":{},"fnMap":{},"branchMap":{},"s":{},"f":{},"b":{}}
,"C:/www/NUTRECIPE/application/angular-webapp/src/app/interfaces/IUser.ts": {"path":"C:/www/NUTRECIPE/application/angular-webapp/src/app/interfaces/IUser.ts","statementMap":{},"fnMap":{},"branchMap":{},"s":{},"f":{},"b":{}}
,"C:/www/NUTRECIPE/application/angular-webapp/src/app/mocks/authMock.ts": {"path":"C:/www/NUTRECIPE/application/angular-webapp/src/app/mocks/authMock.ts","statementMap":{},"fnMap":{},"branchMap":{},"s":{},"f":{},"b":{}}
,"C:/www/NUTRECIPE/application/angular-webapp/src/app/mocks/bookmarkMock.ts": {"path":"C:/www/NUTRECIPE/application/angular-webapp/src/app/mocks/bookmarkMock.ts","statementMap":{},"fnMap":{},"branchMap":{},"s":{},"f":{},"b":{}}
,"C:/www/NUTRECIPE/application/angular-webapp/src/app/mocks/itemMock.ts": {"path":"C:/www/NUTRECIPE/application/angular-webapp/src/app/mocks/itemMock.ts","statementMap":{},"fnMap":{},"branchMap":{},"s":{},"f":{},"b":{}}
,"C:/www/NUTRECIPE/application/angular-webapp/src/app/mocks/userMock.ts": {"path":"C:/www/NUTRECIPE/application/angular-webapp/src/app/mocks/userMock.ts","statementMap":{},"fnMap":{},"branchMap":{},"s":{},"f":{},"b":{}}
,"C:/www/NUTRECIPE/application/angular-webapp/src/app/services/ingredients/ingredients.service.spec.ts": {"path":"C:/www/NUTRECIPE/application/angular-webapp/src/app/services/ingredients/ingredients.service.spec.ts","statementMap":{},"fnMap":{},"branchMap":{},"s":{},"f":{},"b":{}}
,"C:/www/NUTRECIPE/application/angular-webapp/src/app/services/ingredients/ingredients.service.ts": {"path":"C:/www/NUTRECIPE/application/angular-webapp/src/app/services/ingredients/ingredients.service.ts","statementMap":{},"fnMap":{},"branchMap":{},"s":{},"f":{},"b":{}}
,"C:/www/NUTRECIPE/application/angular-webapp/src/app/services/recipes/recipes.service.spec.ts": {"path":"C:/www/NUTRECIPE/application/angular-webapp/src/app/services/recipes/recipes.service.spec.ts","statementMap":{},"fnMap":{},"branchMap":{},"s":{},"f":{},"b":{}}
,"C:/www/NUTRECIPE/application/angular-webapp/src/app/services/recipes/recipes.service.ts": {"path":"C:/www/NUTRECIPE/application/angular-webapp/src/app/services/recipes/recipes.service.ts","statementMap":{},"fnMap":{},"branchMap":{},"s":{},"f":{},"b":{}}
,"C:/www/NUTRECIPE/application/angular-webapp/src/app/services/root-service/root.service.spec.ts": {"path":"C:/www/NUTRECIPE/application/angular-webapp/src/app/services/root-service/root.service.spec.ts","statementMap":{},"fnMap":{},"branchMap":{},"s":{},"f":{},"b":{}}
,"C:/www/NUTRECIPE/application/angular-webapp/src/app/services/root-service/root.service.ts": {"path":"C:/www/NUTRECIPE/application/angular-webapp/src/app/services/root-service/root.service.ts","statementMap":{},"fnMap":{},"branchMap":{},"s":{},"f":{},"b":{}}
,"C:/www/NUTRECIPE/application/angular-webapp/src/app/services/route-guard/route.guard.spec.ts": {"path":"C:/www/NUTRECIPE/application/angular-webapp/src/app/services/route-guard/route.guard.spec.ts","statementMap":{},"fnMap":{},"branchMap":{},"s":{},"f":{},"b":{}}
,"C:/www/NUTRECIPE/application/angular-webapp/src/app/services/route-guard/route.guard.ts": {"path":"C:/www/NUTRECIPE/application/angular-webapp/src/app/services/route-guard/route.guard.ts","statementMap":{},"fnMap":{},"branchMap":{},"s":{},"f":{},"b":{}}
,"C:/www/NUTRECIPE/application/angular-webapp/src/app/services/storage/storage.service.spec.ts": {"path":"C:/www/NUTRECIPE/application/angular-webapp/src/app/services/storage/storage.service.spec.ts","statementMap":{},"fnMap":{},"branchMap":{},"s":{},"f":{},"b":{}}
,"C:/www/NUTRECIPE/application/angular-webapp/src/app/services/storage/storage.service.ts": {"path":"C:/www/NUTRECIPE/application/angular-webapp/src/app/services/storage/storage.service.ts","statementMap":{},"fnMap":{},"branchMap":{},"s":{},"f":{},"b":{}}
,"C:/www/NUTRECIPE/application/angular-webapp/src/app/services/users/users.service.spec.ts": {"path":"C:/www/NUTRECIPE/application/angular-webapp/src/app/services/users/users.service.spec.ts","statementMap":{},"fnMap":{},"branchMap":{},"s":{},"f":{},"b":{}}
,"C:/www/NUTRECIPE/application/angular-webapp/src/app/services/users/users.service.ts": {"path":"C:/www/NUTRECIPE/application/angular-webapp/src/app/services/users/users.service.ts","statementMap":{},"fnMap":{},"branchMap":{},"s":{},"f":{},"b":{}}
,"C:/www/NUTRECIPE/application/angular-webapp/src/environments/environment.prod.ts": {"path":"C:/www/NUTRECIPE/application/angular-webapp/src/environments/environment.prod.ts","statementMap":{},"fnMap":{},"branchMap":{},"s":{},"f":{},"b":{}}
,"C:/www/NUTRECIPE/application/angular-webapp/src/environments/environment.ts": {"path":"C:/www/NUTRECIPE/application/angular-webapp/src/environments/environment.ts","statementMap":{},"fnMap":{},"branchMap":{},"s":{},"f":{},"b":{}}
,"C:/www/NUTRECIPE/application/ionic-mobileapp/capacitor.config.ts": {"path":"C:/www/NUTRECIPE/application/ionic-mobileapp/capacitor.config.ts","statementMap":{},"fnMap":{},"branchMap":{},"s":{},"f":{},"b":{}}
,"C:/www/NUTRECIPE/application/ionic-mobileapp/karma.conf.js": {"path":"C:/www/NUTRECIPE/application/ionic-mobileapp/karma.conf.js","statementMap":{},"fnMap":{},"branchMap":{},"s":{},"f":{},"b":{}}
,"C:/www/NUTRECIPE/application/ionic-mobileapp/coverage/ngv/block-navigation.js": {"path":"C:/www/NUTRECIPE/application/ionic-mobileapp/coverage/ngv/block-navigation.js","statementMap":{},"fnMap":{},"branchMap":{},"s":{},"f":{},"b":{}}
,"C:/www/NUTRECIPE/application/ionic-mobileapp/coverage/ngv/prettify.js": {"path":"C:/www/NUTRECIPE/application/ionic-mobileapp/coverage/ngv/prettify.js","statementMap":{},"fnMap":{},"branchMap":{},"s":{},"f":{},"b":{}}
,"C:/www/NUTRECIPE/application/ionic-mobileapp/coverage/ngv/sorter.js": {"path":"C:/www/NUTRECIPE/application/ionic-mobileapp/coverage/ngv/sorter.js","statementMap":{},"fnMap":{},"branchMap":{},"s":{},"f":{},"b":{}}
,"C:/www/NUTRECIPE/application/ionic-mobileapp/coverage/ngv/lcov-report/block-navigation.js": {"path":"C:/www/NUTRECIPE/application/ionic-mobileapp/coverage/ngv/lcov-report/block-navigation.js","statementMap":{},"fnMap":{},"branchMap":{},"s":{},"f":{},"b":{}}
,"C:/www/NUTRECIPE/application/ionic-mobileapp/coverage/ngv/lcov-report/prettify.js": {"path":"C:/www/NUTRECIPE/application/ionic-mobileapp/coverage/ngv/lcov-report/prettify.js","statementMap":{},"fnMap":{},"branchMap":{},"s":{},"f":{},"b":{}}
,"C:/www/NUTRECIPE/application/ionic-mobileapp/coverage/ngv/lcov-report/sorter.js": {"path":"C:/www/NUTRECIPE/application/ionic-mobileapp/coverage/ngv/lcov-report/sorter.js","statementMap":{},"fnMap":{},"branchMap":{},"s":{},"f":{},"b":{}}
,"C:/www/NUTRECIPE/application/ionic-mobileapp/e2e/protractor.conf.js": {"path":"C:/www/NUTRECIPE/application/ionic-mobileapp/e2e/protractor.conf.js","statementMap":{},"fnMap":{},"branchMap":{},"s":{},"f":{},"b":{}}
,"C:/www/NUTRECIPE/application/ionic-mobileapp/e2e/src/app.e2e-spec.ts": {"path":"C:/www/NUTRECIPE/application/ionic-mobileapp/e2e/src/app.e2e-spec.ts","statementMap":{},"fnMap":{},"branchMap":{},"s":{},"f":{},"b":{}}
,"C:/www/NUTRECIPE/application/ionic-mobileapp/e2e/src/app.po.ts": {"path":"C:/www/NUTRECIPE/application/ionic-mobileapp/e2e/src/app.po.ts","statementMap":{},"fnMap":{},"branchMap":{},"s":{},"f":{},"b":{}}
,"C:/www/NUTRECIPE/application/ionic-mobileapp/src/main.ts": {"path":"C:/www/NUTRECIPE/application/ionic-mobileapp/src/main.ts","statementMap":{},"fnMap":{},"branchMap":{},"s":{},"f":{},"b":{}}
,"C:/www/NUTRECIPE/application/ionic-mobileapp/src/polyfills.ts": {"path":"C:/www/NUTRECIPE/application/ionic-mobileapp/src/polyfills.ts","statementMap":{},"fnMap":{},"branchMap":{},"s":{},"f":{},"b":{}}
,"C:/www/NUTRECIPE/application/ionic-mobileapp/src/test.ts": {"path":"C:/www/NUTRECIPE/application/ionic-mobileapp/src/test.ts","statementMap":{},"fnMap":{},"branchMap":{},"s":{},"f":{},"b":{}}
,"C:/www/NUTRECIPE/application/ionic-mobileapp/src/zone-flags.ts": {"path":"C:/www/NUTRECIPE/application/ionic-mobileapp/src/zone-flags.ts","statementMap":{},"fnMap":{},"branchMap":{},"s":{},"f":{},"b":{}}
,"C:/www/NUTRECIPE/application/ionic-mobileapp/src/app/app-routing.module.ts": {"path":"C:/www/NUTRECIPE/application/ionic-mobileapp/src/app/app-routing.module.ts","statementMap":{},"fnMap":{},"branchMap":{},"s":{},"f":{},"b":{}}
,"C:/www/NUTRECIPE/application/ionic-mobileapp/src/app/app.component.spec.ts": {"path":"C:/www/NUTRECIPE/application/ionic-mobileapp/src/app/app.component.spec.ts","statementMap":{},"fnMap":{},"branchMap":{},"s":{},"f":{},"b":{}}
,"C:/www/NUTRECIPE/application/ionic-mobileapp/src/app/app.component.ts": {"path":"C:/www/NUTRECIPE/application/ionic-mobileapp/src/app/app.component.ts","statementMap":{},"fnMap":{},"branchMap":{},"s":{},"f":{},"b":{}}
,"C:/www/NUTRECIPE/application/ionic-mobileapp/src/app/app.module.ts": {"path":"C:/www/NUTRECIPE/application/ionic-mobileapp/src/app/app.module.ts","statementMap":{},"fnMap":{},"branchMap":{},"s":{},"f":{},"b":{}}
,"C:/www/NUTRECIPE/application/ionic-mobileapp/src/app/components/modal/modal/modal.component.spec.ts": {"path":"C:/www/NUTRECIPE/application/ionic-mobileapp/src/app/components/modal/modal/modal.component.spec.ts","statementMap":{},"fnMap":{},"branchMap":{},"s":{},"f":{},"b":{}}
,"C:/www/NUTRECIPE/application/ionic-mobileapp/src/app/components/modal/modal/modal.component.ts": {"path":"C:/www/NUTRECIPE/application/ionic-mobileapp/src/app/components/modal/modal/modal.component.ts","statementMap":{},"fnMap":{},"branchMap":{},"s":{},"f":{},"b":{}}
,"C:/www/NUTRECIPE/application/ionic-mobileapp/src/app/components/side-menu/side-menu/side-menu.component.spec.ts": {"path":"C:/www/NUTRECIPE/application/ionic-mobileapp/src/app/components/side-menu/side-menu/side-menu.component.spec.ts","statementMap":{},"fnMap":{},"branchMap":{},"s":{},"f":{},"b":{}}
,"C:/www/NUTRECIPE/application/ionic-mobileapp/src/app/components/side-menu/side-menu/side-menu.component.ts": {"path":"C:/www/NUTRECIPE/application/ionic-mobileapp/src/app/components/side-menu/side-menu/side-menu.component.ts","statementMap":{},"fnMap":{},"branchMap":{},"s":{},"f":{},"b":{}}
,"C:/www/NUTRECIPE/application/ionic-mobileapp/src/app/helpers/authconfig.interceptor.ts": {"path":"C:/www/NUTRECIPE/application/ionic-mobileapp/src/app/helpers/authconfig.interceptor.ts","statementMap":{},"fnMap":{},"branchMap":{},"s":{},"f":{},"b":{}}
,"C:/www/NUTRECIPE/application/ionic-mobileapp/src/app/interfaces/IBookmark.ts": {"path":"C:/www/NUTRECIPE/application/ionic-mobileapp/src/app/interfaces/IBookmark.ts","statementMap":{},"fnMap":{},"branchMap":{},"s":{},"f":{},"b":{}}
,"C:/www/NUTRECIPE/application/ionic-mobileapp/src/app/interfaces/ICredentials.ts": {"path":"C:/www/NUTRECIPE/application/ionic-mobileapp/src/app/interfaces/ICredentials.ts","statementMap":{},"fnMap":{},"branchMap":{},"s":{},"f":{},"b":{}}
,"C:/www/NUTRECIPE/application/ionic-mobileapp/src/app/interfaces/IIngredient.ts": {"path":"C:/www/NUTRECIPE/application/ionic-mobileapp/src/app/interfaces/IIngredient.ts","statementMap":{},"fnMap":{},"branchMap":{},"s":{},"f":{},"b":{}}
,"C:/www/NUTRECIPE/application/ionic-mobileapp/src/app/interfaces/IRecipe.ts": {"path":"C:/www/NUTRECIPE/application/ionic-mobileapp/src/app/interfaces/IRecipe.ts","statementMap":{},"fnMap":{},"branchMap":{},"s":{},"f":{},"b":{}}
,"C:/www/NUTRECIPE/application/ionic-mobileapp/src/app/interfaces/IUser.ts": {"path":"C:/www/NUTRECIPE/application/ionic-mobileapp/src/app/interfaces/IUser.ts","statementMap":{},"fnMap":{},"branchMap":{},"s":{},"f":{},"b":{}}
,"C:/www/NUTRECIPE/application/ionic-mobileapp/src/app/mocks/authMock.ts": {"path":"C:/www/NUTRECIPE/application/ionic-mobileapp/src/app/mocks/authMock.ts","statementMap":{},"fnMap":{},"branchMap":{},"s":{},"f":{},"b":{}}
,"C:/www/NUTRECIPE/application/ionic-mobileapp/src/app/mocks/bookmarkMock.ts": {"path":"C:/www/NUTRECIPE/application/ionic-mobileapp/src/app/mocks/bookmarkMock.ts","statementMap":{},"fnMap":{},"branchMap":{},"s":{},"f":{},"b":{}}
,"C:/www/NUTRECIPE/application/ionic-mobileapp/src/app/pages/forgot-password/forgot-password/forgot-password-routing.module.ts": {"path":"C:/www/NUTRECIPE/application/ionic-mobileapp/src/app/pages/forgot-password/forgot-password/forgot-password-routing.module.ts","statementMap":{},"fnMap":{},"branchMap":{},"s":{},"f":{},"b":{}}
,"C:/www/NUTRECIPE/application/ionic-mobileapp/src/app/pages/forgot-password/forgot-password/forgot-password.module.ts": {"path":"C:/www/NUTRECIPE/application/ionic-mobileapp/src/app/pages/forgot-password/forgot-password/forgot-password.module.ts","statementMap":{},"fnMap":{},"branchMap":{},"s":{},"f":{},"b":{}}
,"C:/www/NUTRECIPE/application/ionic-mobileapp/src/app/pages/forgot-password/forgot-password/forgot-password.page.spec.ts": {"path":"C:/www/NUTRECIPE/application/ionic-mobileapp/src/app/pages/forgot-password/forgot-password/forgot-password.page.spec.ts","statementMap":{},"fnMap":{},"branchMap":{},"s":{},"f":{},"b":{}}
,"C:/www/NUTRECIPE/application/ionic-mobileapp/src/app/pages/forgot-password/forgot-password/forgot-password.page.ts": {"path":"C:/www/NUTRECIPE/application/ionic-mobileapp/src/app/pages/forgot-password/forgot-password/forgot-password.page.ts","statementMap":{},"fnMap":{},"branchMap":{},"s":{},"f":{},"b":{}}
,"C:/www/NUTRECIPE/application/ionic-mobileapp/src/app/pages/login/login/login-routing.module.ts": {"path":"C:/www/NUTRECIPE/application/ionic-mobileapp/src/app/pages/login/login/login-routing.module.ts","statementMap":{},"fnMap":{},"branchMap":{},"s":{},"f":{},"b":{}}
,"C:/www/NUTRECIPE/application/ionic-mobileapp/src/app/pages/login/login/login.module.ts": {"path":"C:/www/NUTRECIPE/application/ionic-mobileapp/src/app/pages/login/login/login.module.ts","statementMap":{},"fnMap":{},"branchMap":{},"s":{},"f":{},"b":{}}
,"C:/www/NUTRECIPE/application/ionic-mobileapp/src/app/pages/login/login/login.page.spec.ts": {"path":"C:/www/NUTRECIPE/application/ionic-mobileapp/src/app/pages/login/login/login.page.spec.ts","statementMap":{},"fnMap":{},"branchMap":{},"s":{},"f":{},"b":{}}
,"C:/www/NUTRECIPE/application/ionic-mobileapp/src/app/pages/login/login/login.page.ts": {"path":"C:/www/NUTRECIPE/application/ionic-mobileapp/src/app/pages/login/login/login.page.ts","statementMap":{},"fnMap":{},"branchMap":{},"s":{},"f":{},"b":{}}
,"C:/www/NUTRECIPE/application/ionic-mobileapp/src/app/pages/not-authorized/not-authorized/not-authorized-routing.module.ts": {"path":"C:/www/NUTRECIPE/application/ionic-mobileapp/src/app/pages/not-authorized/not-authorized/not-authorized-routing.module.ts","statementMap":{},"fnMap":{},"branchMap":{},"s":{},"f":{},"b":{}}
,"C:/www/NUTRECIPE/application/ionic-mobileapp/src/app/pages/not-authorized/not-authorized/not-authorized.module.ts": {"path":"C:/www/NUTRECIPE/application/ionic-mobileapp/src/app/pages/not-authorized/not-authorized/not-authorized.module.ts","statementMap":{},"fnMap":{},"branchMap":{},"s":{},"f":{},"b":{}}
,"C:/www/NUTRECIPE/application/ionic-mobileapp/src/app/pages/not-authorized/not-authorized/not-authorized.page.spec.ts": {"path":"C:/www/NUTRECIPE/application/ionic-mobileapp/src/app/pages/not-authorized/not-authorized/not-authorized.page.spec.ts","statementMap":{},"fnMap":{},"branchMap":{},"s":{},"f":{},"b":{}}
,"C:/www/NUTRECIPE/application/ionic-mobileapp/src/app/pages/not-authorized/not-authorized/not-authorized.page.ts": {"path":"C:/www/NUTRECIPE/application/ionic-mobileapp/src/app/pages/not-authorized/not-authorized/not-authorized.page.ts","statementMap":{},"fnMap":{},"branchMap":{},"s":{},"f":{},"b":{}}
,"C:/www/NUTRECIPE/application/ionic-mobileapp/src/app/pages/register/register/register-routing.module.ts": {"path":"C:/www/NUTRECIPE/application/ionic-mobileapp/src/app/pages/register/register/register-routing.module.ts","statementMap":{},"fnMap":{},"branchMap":{},"s":{},"f":{},"b":{}}
,"C:/www/NUTRECIPE/application/ionic-mobileapp/src/app/pages/register/register/register.module.ts": {"path":"C:/www/NUTRECIPE/application/ionic-mobileapp/src/app/pages/register/register/register.module.ts","statementMap":{},"fnMap":{},"branchMap":{},"s":{},"f":{},"b":{}}
,"C:/www/NUTRECIPE/application/ionic-mobileapp/src/app/pages/register/register/register.page.spec.ts": {"path":"C:/www/NUTRECIPE/application/ionic-mobileapp/src/app/pages/register/register/register.page.spec.ts","statementMap":{},"fnMap":{},"branchMap":{},"s":{},"f":{},"b":{}}
,"C:/www/NUTRECIPE/application/ionic-mobileapp/src/app/pages/register/register/register.page.ts": {"path":"C:/www/NUTRECIPE/application/ionic-mobileapp/src/app/pages/register/register/register.page.ts","statementMap":{},"fnMap":{},"branchMap":{},"s":{},"f":{},"b":{}}
,"C:/www/NUTRECIPE/application/ionic-mobileapp/src/app/pages/settings/settings/settings-routing.module.ts": {"path":"C:/www/NUTRECIPE/application/ionic-mobileapp/src/app/pages/settings/settings/settings-routing.module.ts","statementMap":{},"fnMap":{},"branchMap":{},"s":{},"f":{},"b":{}}
,"C:/www/NUTRECIPE/application/ionic-mobileapp/src/app/pages/settings/settings/settings.module.ts": {"path":"C:/www/NUTRECIPE/application/ionic-mobileapp/src/app/pages/settings/settings/settings.module.ts","statementMap":{},"fnMap":{},"branchMap":{},"s":{},"f":{},"b":{}}
,"C:/www/NUTRECIPE/application/ionic-mobileapp/src/app/pages/settings/settings/settings.page.spec.ts": {"path":"C:/www/NUTRECIPE/application/ionic-mobileapp/src/app/pages/settings/settings/settings.page.spec.ts","statementMap":{},"fnMap":{},"branchMap":{},"s":{},"f":{},"b":{}}
,"C:/www/NUTRECIPE/application/ionic-mobileapp/src/app/pages/settings/settings/settings.page.ts": {"path":"C:/www/NUTRECIPE/application/ionic-mobileapp/src/app/pages/settings/settings/settings.page.ts","statementMap":{},"fnMap":{},"branchMap":{},"s":{},"f":{},"b":{}}
,"C:/www/NUTRECIPE/application/ionic-mobileapp/src/app/pages/splash-screen/splash-screen-routing.module.ts": {"path":"C:/www/NUTRECIPE/application/ionic-mobileapp/src/app/pages/splash-screen/splash-screen-routing.module.ts","statementMap":{},"fnMap":{},"branchMap":{},"s":{},"f":{},"b":{}}
,"C:/www/NUTRECIPE/application/ionic-mobileapp/src/app/pages/splash-screen/splash-screen.module.ts": {"path":"C:/www/NUTRECIPE/application/ionic-mobileapp/src/app/pages/splash-screen/splash-screen.module.ts","statementMap":{},"fnMap":{},"branchMap":{},"s":{},"f":{},"b":{}}
,"C:/www/NUTRECIPE/application/ionic-mobileapp/src/app/pages/splash-screen/splash-screen.page.spec.ts": {"path":"C:/www/NUTRECIPE/application/ionic-mobileapp/src/app/pages/splash-screen/splash-screen.page.spec.ts","statementMap":{},"fnMap":{},"branchMap":{},"s":{},"f":{},"b":{}}
,"C:/www/NUTRECIPE/application/ionic-mobileapp/src/app/pages/splash-screen/splash-screen.page.ts": {"path":"C:/www/NUTRECIPE/application/ionic-mobileapp/src/app/pages/splash-screen/splash-screen.page.ts","statementMap":{},"fnMap":{},"branchMap":{},"s":{},"f":{},"b":{}}
,"C:/www/NUTRECIPE/application/ionic-mobileapp/src/app/services/auth/auth.service.spec.ts": {"path":"C:/www/NUTRECIPE/application/ionic-mobileapp/src/app/services/auth/auth.service.spec.ts","statementMap":{},"fnMap":{},"branchMap":{},"s":{},"f":{},"b":{}}
,"C:/www/NUTRECIPE/application/ionic-mobileapp/src/app/services/auth/auth.service.ts": {"path":"C:/www/NUTRECIPE/application/ionic-mobileapp/src/app/services/auth/auth.service.ts","statementMap":{},"fnMap":{},"branchMap":{},"s":{},"f":{},"b":{}}
,"C:/www/NUTRECIPE/application/ionic-mobileapp/src/app/services/bookmarks/bookmarks.service.spec.ts": {"path":"C:/www/NUTRECIPE/application/ionic-mobileapp/src/app/services/bookmarks/bookmarks.service.spec.ts","statementMap":{},"fnMap":{},"branchMap":{},"s":{},"f":{},"b":{}}
,"C:/www/NUTRECIPE/application/ionic-mobileapp/src/app/services/bookmarks/bookmarks.service.ts": {"path":"C:/www/NUTRECIPE/application/ionic-mobileapp/src/app/services/bookmarks/bookmarks.service.ts","statementMap":{},"fnMap":{},"branchMap":{},"s":{},"f":{},"b":{}}
,"C:/www/NUTRECIPE/application/ionic-mobileapp/src/app/services/ingredients/ingredients.service.spec.ts": {"path":"C:/www/NUTRECIPE/application/ionic-mobileapp/src/app/services/ingredients/ingredients.service.spec.ts","statementMap":{},"fnMap":{},"branchMap":{},"s":{},"f":{},"b":{}}
,"C:/www/NUTRECIPE/application/ionic-mobileapp/src/app/services/ingredients/ingredients.service.ts": {"path":"C:/www/NUTRECIPE/application/ionic-mobileapp/src/app/services/ingredients/ingredients.service.ts","statementMap":{},"fnMap":{},"branchMap":{},"s":{},"f":{},"b":{}}
,"C:/www/NUTRECIPE/application/ionic-mobileapp/src/app/services/recipes/recipes.service.spec.ts": {"path":"C:/www/NUTRECIPE/application/ionic-mobileapp/src/app/services/recipes/recipes.service.spec.ts","statementMap":{},"fnMap":{},"branchMap":{},"s":{},"f":{},"b":{}}
,"C:/www/NUTRECIPE/application/ionic-mobileapp/src/app/services/recipes/recipes.service.ts": {"path":"C:/www/NUTRECIPE/application/ionic-mobileapp/src/app/services/recipes/recipes.service.ts","statementMap":{},"fnMap":{},"branchMap":{},"s":{},"f":{},"b":{}}
,"C:/www/NUTRECIPE/application/ionic-mobileapp/src/app/services/route-guard/route.guard.spec.ts": {"path":"C:/www/NUTRECIPE/application/ionic-mobileapp/src/app/services/route-guard/route.guard.spec.ts","statementMap":{},"fnMap":{},"branchMap":{},"s":{},"f":{},"b":{}}
,"C:/www/NUTRECIPE/application/ionic-mobileapp/src/app/services/route-guard/route.guard.ts": {"path":"C:/www/NUTRECIPE/application/ionic-mobileapp/src/app/services/route-guard/route.guard.ts","statementMap":{},"fnMap":{},"branchMap":{},"s":{},"f":{},"b":{}}
,"C:/www/NUTRECIPE/application/ionic-mobileapp/src/app/services/users/users.service.spec.ts": {"path":"C:/www/NUTRECIPE/application/ionic-mobileapp/src/app/services/users/users.service.spec.ts","statementMap":{},"fnMap":{},"branchMap":{},"s":{},"f":{},"b":{}}
,"C:/www/NUTRECIPE/application/ionic-mobileapp/src/app/services/users/users.service.ts": {"path":"C:/www/NUTRECIPE/application/ionic-mobileapp/src/app/services/users/users.service.ts","statementMap":{},"fnMap":{},"branchMap":{},"s":{},"f":{},"b":{}}
,"C:/www/NUTRECIPE/application/ionic-mobileapp/src/app/tab1/tab1-routing.module.ts": {"path":"C:/www/NUTRECIPE/application/ionic-mobileapp/src/app/tab1/tab1-routing.module.ts","statementMap":{},"fnMap":{},"branchMap":{},"s":{},"f":{},"b":{}}
,"C:/www/NUTRECIPE/application/ionic-mobileapp/src/app/tab1/tab1.module.ts": {"path":"C:/www/NUTRECIPE/application/ionic-mobileapp/src/app/tab1/tab1.module.ts","statementMap":{},"fnMap":{},"branchMap":{},"s":{},"f":{},"b":{}}
,"C:/www/NUTRECIPE/application/ionic-mobileapp/src/app/tab1/tab1.page.spec.ts": {"path":"C:/www/NUTRECIPE/application/ionic-mobileapp/src/app/tab1/tab1.page.spec.ts","statementMap":{},"fnMap":{},"branchMap":{},"s":{},"f":{},"b":{}}
,"C:/www/NUTRECIPE/application/ionic-mobileapp/src/app/tab1/tab1.page.ts": {"path":"C:/www/NUTRECIPE/application/ionic-mobileapp/src/app/tab1/tab1.page.ts","statementMap":{},"fnMap":{},"branchMap":{},"s":{},"f":{},"b":{}}
,"C:/www/NUTRECIPE/application/ionic-mobileapp/src/app/tab2/tab2-routing.module.ts": {"path":"C:/www/NUTRECIPE/application/ionic-mobileapp/src/app/tab2/tab2-routing.module.ts","statementMap":{},"fnMap":{},"branchMap":{},"s":{},"f":{},"b":{}}
,"C:/www/NUTRECIPE/application/ionic-mobileapp/src/app/tab2/tab2.module.ts": {"path":"C:/www/NUTRECIPE/application/ionic-mobileapp/src/app/tab2/tab2.module.ts","statementMap":{},"fnMap":{},"branchMap":{},"s":{},"f":{},"b":{}}
,"C:/www/NUTRECIPE/application/ionic-mobileapp/src/app/tab2/tab2.page.spec.ts": {"path":"C:/www/NUTRECIPE/application/ionic-mobileapp/src/app/tab2/tab2.page.spec.ts","statementMap":{},"fnMap":{},"branchMap":{},"s":{},"f":{},"b":{}}
,"C:/www/NUTRECIPE/application/ionic-mobileapp/src/app/tab2/tab2.page.ts": {"path":"C:/www/NUTRECIPE/application/ionic-mobileapp/src/app/tab2/tab2.page.ts","statementMap":{},"fnMap":{},"branchMap":{},"s":{},"f":{},"b":{}}
,"C:/www/NUTRECIPE/application/ionic-mobileapp/src/app/tab3/tab3-routing.module.ts": {"path":"C:/www/NUTRECIPE/application/ionic-mobileapp/src/app/tab3/tab3-routing.module.ts","statementMap":{},"fnMap":{},"branchMap":{},"s":{},"f":{},"b":{}}
,"C:/www/NUTRECIPE/application/ionic-mobileapp/src/app/tab3/tab3.module.ts": {"path":"C:/www/NUTRECIPE/application/ionic-mobileapp/src/app/tab3/tab3.module.ts","statementMap":{},"fnMap":{},"branchMap":{},"s":{},"f":{},"b":{}}
,"C:/www/NUTRECIPE/application/ionic-mobileapp/src/app/tab3/tab3.page.spec.ts": {"path":"C:/www/NUTRECIPE/application/ionic-mobileapp/src/app/tab3/tab3.page.spec.ts","statementMap":{},"fnMap":{},"branchMap":{},"s":{},"f":{},"b":{}}
,"C:/www/NUTRECIPE/application/ionic-mobileapp/src/app/tab3/tab3.page.ts": {"path":"C:/www/NUTRECIPE/application/ionic-mobileapp/src/app/tab3/tab3.page.ts","statementMap":{},"fnMap":{},"branchMap":{},"s":{},"f":{},"b":{}}
,"C:/www/NUTRECIPE/application/ionic-mobileapp/src/app/tabs/tabs-routing.module.ts": {"path":"C:/www/NUTRECIPE/application/ionic-mobileapp/src/app/tabs/tabs-routing.module.ts","statementMap":{},"fnMap":{},"branchMap":{},"s":{},"f":{},"b":{}}
,"C:/www/NUTRECIPE/application/ionic-mobileapp/src/app/tabs/tabs.module.ts": {"path":"C:/www/NUTRECIPE/application/ionic-mobileapp/src/app/tabs/tabs.module.ts","statementMap":{},"fnMap":{},"branchMap":{},"s":{},"f":{},"b":{}}
,"C:/www/NUTRECIPE/application/ionic-mobileapp/src/app/tabs/tabs.page.spec.ts": {"path":"C:/www/NUTRECIPE/application/ionic-mobileapp/src/app/tabs/tabs.page.spec.ts","statementMap":{},"fnMap":{},"branchMap":{},"s":{},"f":{},"b":{}}
,"C:/www/NUTRECIPE/application/ionic-mobileapp/src/app/tabs/tabs.page.ts": {"path":"C:/www/NUTRECIPE/application/ionic-mobileapp/src/app/tabs/tabs.page.ts","statementMap":{},"fnMap":{},"branchMap":{},"s":{},"f":{},"b":{}}
,"C:/www/NUTRECIPE/application/ionic-mobileapp/src/environments/environment.prod.ts": {"path":"C:/www/NUTRECIPE/application/ionic-mobileapp/src/environments/environment.prod.ts","statementMap":{},"fnMap":{},"branchMap":{},"s":{},"f":{},"b":{}}
,"C:/www/NUTRECIPE/application/ionic-mobileapp/src/environments/environment.ts": {"path":"C:/www/NUTRECIPE/application/ionic-mobileapp/src/environments/environment.ts","statementMap":{},"fnMap":{},"branchMap":{},"s":{},"f":{},"b":{}}
,"C:/www/NUTRECIPE/build/index.js": {"path":"C:/www/NUTRECIPE/build/index.js","statementMap":{},"fnMap":{},"branchMap":{},"s":{},"f":{},"b":{}}
,"C:/www/NUTRECIPE/build/src/app.js": {"path":"C:/www/NUTRECIPE/build/src/app.js","statementMap":{},"fnMap":{},"branchMap":{},"s":{},"f":{},"b":{}}
,"C:/www/NUTRECIPE/build/src/fetchData.js": {"path":"C:/www/NUTRECIPE/build/src/fetchData.js","statementMap":{},"fnMap":{},"branchMap":{},"s":{},"f":{},"b":{}}
,"C:/www/NUTRECIPE/build/src/server.js": {"path":"C:/www/NUTRECIPE/build/src/server.js","statementMap":{},"fnMap":{},"branchMap":{},"s":{},"f":{},"b":{}}
,"C:/www/NUTRECIPE/build/src/DAO/BookmarkIngredientRepository.js": {"path":"C:/www/NUTRECIPE/build/src/DAO/BookmarkIngredientRepository.js","statementMap":{},"fnMap":{},"branchMap":{},"s":{},"f":{},"b":{}}
,"C:/www/NUTRECIPE/build/src/DAO/BookmarkRecipeRepository.js": {"path":"C:/www/NUTRECIPE/build/src/DAO/BookmarkRecipeRepository.js","statementMap":{},"fnMap":{},"branchMap":{},"s":{},"f":{},"b":{}}
,"C:/www/NUTRECIPE/build/src/DAO/IBaseRepository.js": {"path":"C:/www/NUTRECIPE/build/src/DAO/IBaseRepository.js","statementMap":{},"fnMap":{},"branchMap":{},"s":{},"f":{},"b":{}}
,"C:/www/NUTRECIPE/build/src/DAO/IBookmarkRepository.js": {"path":"C:/www/NUTRECIPE/build/src/DAO/IBookmarkRepository.js","statementMap":{},"fnMap":{},"branchMap":{},"s":{},"f":{},"b":{}}
,"C:/www/NUTRECIPE/build/src/DAO/IngredientRepository.js": {"path":"C:/www/NUTRECIPE/build/src/DAO/IngredientRepository.js","statementMap":{},"fnMap":{},"branchMap":{},"s":{},"f":{},"b":{}}
,"C:/www/NUTRECIPE/build/src/DAO/RecipeRepository.js": {"path":"C:/www/NUTRECIPE/build/src/DAO/RecipeRepository.js","statementMap":{},"fnMap":{},"branchMap":{},"s":{},"f":{},"b":{}}
,"C:/www/NUTRECIPE/build/src/DAO/UserRepository.js": {"path":"C:/www/NUTRECIPE/build/src/DAO/UserRepository.js","statementMap":{},"fnMap":{},"branchMap":{},"s":{},"f":{},"b":{}}
,"C:/www/NUTRECIPE/build/src/controllers/bookmarkIngredientController.js": {"path":"C:/www/NUTRECIPE/build/src/controllers/bookmarkIngredientController.js","statementMap":{},"fnMap":{},"branchMap":{},"s":{},"f":{},"b":{}}
,"C:/www/NUTRECIPE/build/src/controllers/bookmarkRecipeController.js": {"path":"C:/www/NUTRECIPE/build/src/controllers/bookmarkRecipeController.js","statementMap":{},"fnMap":{},"branchMap":{},"s":{},"f":{},"b":{}}
,"C:/www/NUTRECIPE/build/src/controllers/forgotPasswordController.js": {"path":"C:/www/NUTRECIPE/build/src/controllers/forgotPasswordController.js","statementMap":{},"fnMap":{},"branchMap":{},"s":{},"f":{},"b":{}}
,"C:/www/NUTRECIPE/build/src/controllers/ingredientsController.js": {"path":"C:/www/NUTRECIPE/build/src/controllers/ingredientsController.js","statementMap":{},"fnMap":{},"branchMap":{},"s":{},"f":{},"b":{}}
,"C:/www/NUTRECIPE/build/src/controllers/loginController.js": {"path":"C:/www/NUTRECIPE/build/src/controllers/loginController.js","statementMap":{},"fnMap":{},"branchMap":{},"s":{},"f":{},"b":{}}
,"C:/www/NUTRECIPE/build/src/controllers/recipesController.js": {"path":"C:/www/NUTRECIPE/build/src/controllers/recipesController.js","statementMap":{},"fnMap":{},"branchMap":{},"s":{},"f":{},"b":{}}
,"C:/www/NUTRECIPE/build/src/controllers/registerController.js": {"path":"C:/www/NUTRECIPE/build/src/controllers/registerController.js","statementMap":{},"fnMap":{},"branchMap":{},"s":{},"f":{},"b":{}}
,"C:/www/NUTRECIPE/build/src/controllers/rootController.js": {"path":"C:/www/NUTRECIPE/build/src/controllers/rootController.js","statementMap":{},"fnMap":{},"branchMap":{},"s":{},"f":{},"b":{}}
,"C:/www/NUTRECIPE/build/src/controllers/usersController.js": {"path":"C:/www/NUTRECIPE/build/src/controllers/usersController.js","statementMap":{},"fnMap":{},"branchMap":{},"s":{},"f":{},"b":{}}
,"C:/www/NUTRECIPE/build/src/entity/BookmarkIngredientEntity.js": {"path":"C:/www/NUTRECIPE/build/src/entity/BookmarkIngredientEntity.js","statementMap":{},"fnMap":{},"branchMap":{},"s":{},"f":{},"b":{}}
,"C:/www/NUTRECIPE/build/src/entity/BookmarkRecipeEntity.js": {"path":"C:/www/NUTRECIPE/build/src/entity/BookmarkRecipeEntity.js","statementMap":{},"fnMap":{},"branchMap":{},"s":{},"f":{},"b":{}}
,"C:/www/NUTRECIPE/build/src/entity/IngredientEntity.js": {"path":"C:/www/NUTRECIPE/build/src/entity/IngredientEntity.js","statementMap":{},"fnMap":{},"branchMap":{},"s":{},"f":{},"b":{}}
,"C:/www/NUTRECIPE/build/src/entity/RecipeEntity.js": {"path":"C:/www/NUTRECIPE/build/src/entity/RecipeEntity.js","statementMap":{},"fnMap":{},"branchMap":{},"s":{},"f":{},"b":{}}
,"C:/www/NUTRECIPE/build/src/entity/UserBookmarksEntity.js": {"path":"C:/www/NUTRECIPE/build/src/entity/UserBookmarksEntity.js","statementMap":{},"fnMap":{},"branchMap":{},"s":{},"f":{},"b":{}}
,"C:/www/NUTRECIPE/build/src/entity/UserEntity.js": {"path":"C:/www/NUTRECIPE/build/src/entity/UserEntity.js","statementMap":{},"fnMap":{},"branchMap":{},"s":{},"f":{},"b":{}}
,"C:/www/NUTRECIPE/build/src/handlers/ApiError.js": {"path":"C:/www/NUTRECIPE/build/src/handlers/ApiError.js","statementMap":{},"fnMap":{},"branchMap":{},"s":{},"f":{},"b":{}}
,"C:/www/NUTRECIPE/build/src/handlers/errorHandler.js": {"path":"C:/www/NUTRECIPE/build/src/handlers/errorHandler.js","statementMap":{},"fnMap":{},"branchMap":{},"s":{},"f":{},"b":{}}
,"C:/www/NUTRECIPE/build/src/handlers/httpStatusCode.js": {"path":"C:/www/NUTRECIPE/build/src/handlers/httpStatusCode.js","statementMap":{},"fnMap":{},"branchMap":{},"s":{},"f":{},"b":{}}
,"C:/www/NUTRECIPE/build/src/lib/config/database.js": {"path":"C:/www/NUTRECIPE/build/src/lib/config/database.js","statementMap":{},"fnMap":{},"branchMap":{},"s":{},"f":{},"b":{}}
,"C:/www/NUTRECIPE/build/src/lib/config/initEntities.js": {"path":"C:/www/NUTRECIPE/build/src/lib/config/initEntities.js","statementMap":{},"fnMap":{},"branchMap":{},"s":{},"f":{},"b":{}}
,"C:/www/NUTRECIPE/build/src/lib/config/morgan.js": {"path":"C:/www/NUTRECIPE/build/src/lib/config/morgan.js","statementMap":{},"fnMap":{},"branchMap":{},"s":{},"f":{},"b":{}}
,"C:/www/NUTRECIPE/build/src/lib/config/sonarqube.js": {"path":"C:/www/NUTRECIPE/build/src/lib/config/sonarqube.js","statementMap":{},"fnMap":{},"branchMap":{},"s":{},"f":{},"b":{}}
,"C:/www/NUTRECIPE/build/src/lib/config/winston.js": {"path":"C:/www/NUTRECIPE/build/src/lib/config/winston.js","statementMap":{},"fnMap":{},"branchMap":{},"s":{},"f":{},"b":{}}
,"C:/www/NUTRECIPE/build/src/model/baseModel.js": {"path":"C:/www/NUTRECIPE/build/src/model/baseModel.js","statementMap":{},"fnMap":{},"branchMap":{},"s":{},"f":{},"b":{}}
,"C:/www/NUTRECIPE/build/src/routes/routes.js": {"path":"C:/www/NUTRECIPE/build/src/routes/routes.js","statementMap":{},"fnMap":{},"branchMap":{},"s":{},"f":{},"b":{}}
,"C:/www/NUTRECIPE/build/src/service/IBookmarkIngredientService.js": {"path":"C:/www/NUTRECIPE/build/src/service/IBookmarkIngredientService.js","statementMap":{},"fnMap":{},"branchMap":{},"s":{},"f":{},"b":{}}
,"C:/www/NUTRECIPE/build/src/service/IBookmarkRecipeService.js": {"path":"C:/www/NUTRECIPE/build/src/service/IBookmarkRecipeService.js","statementMap":{},"fnMap":{},"branchMap":{},"s":{},"f":{},"b":{}}
,"C:/www/NUTRECIPE/build/src/service/IForgotPasswordService.js": {"path":"C:/www/NUTRECIPE/build/src/service/IForgotPasswordService.js","statementMap":{},"fnMap":{},"branchMap":{},"s":{},"f":{},"b":{}}
,"C:/www/NUTRECIPE/build/src/service/IIngredientService.js": {"path":"C:/www/NUTRECIPE/build/src/service/IIngredientService.js","statementMap":{},"fnMap":{},"branchMap":{},"s":{},"f":{},"b":{}}
,"C:/www/NUTRECIPE/build/src/service/ILoginService.js": {"path":"C:/www/NUTRECIPE/build/src/service/ILoginService.js","statementMap":{},"fnMap":{},"branchMap":{},"s":{},"f":{},"b":{}}
,"C:/www/NUTRECIPE/build/src/service/IRecipeService.js": {"path":"C:/www/NUTRECIPE/build/src/service/IRecipeService.js","statementMap":{},"fnMap":{},"branchMap":{},"s":{},"f":{},"b":{}}
,"C:/www/NUTRECIPE/build/src/service/IRegisterService.js": {"path":"C:/www/NUTRECIPE/build/src/service/IRegisterService.js","statementMap":{},"fnMap":{},"branchMap":{},"s":{},"f":{},"b":{}}
,"C:/www/NUTRECIPE/build/src/service/IUserService.js": {"path":"C:/www/NUTRECIPE/build/src/service/IUserService.js","statementMap":{},"fnMap":{},"branchMap":{},"s":{},"f":{},"b":{}}
,"C:/www/NUTRECIPE/build/src/service/Impl/BookmarkIngredientServiceImpl.js": {"path":"C:/www/NUTRECIPE/build/src/service/Impl/BookmarkIngredientServiceImpl.js","statementMap":{},"fnMap":{},"branchMap":{},"s":{},"f":{},"b":{}}
,"C:/www/NUTRECIPE/build/src/service/Impl/BookmarkRecipeServiceImpl.js": {"path":"C:/www/NUTRECIPE/build/src/service/Impl/BookmarkRecipeServiceImpl.js","statementMap":{},"fnMap":{},"branchMap":{},"s":{},"f":{},"b":{}}
,"C:/www/NUTRECIPE/build/src/service/Impl/ForgotPasswordServiceImpl.js": {"path":"C:/www/NUTRECIPE/build/src/service/Impl/ForgotPasswordServiceImpl.js","statementMap":{},"fnMap":{},"branchMap":{},"s":{},"f":{},"b":{}}
,"C:/www/NUTRECIPE/build/src/service/Impl/IngredientServiceImpl.js": {"path":"C:/www/NUTRECIPE/build/src/service/Impl/IngredientServiceImpl.js","statementMap":{},"fnMap":{},"branchMap":{},"s":{},"f":{},"b":{}}
,"C:/www/NUTRECIPE/build/src/service/Impl/LoginServiceImpl.js": {"path":"C:/www/NUTRECIPE/build/src/service/Impl/LoginServiceImpl.js","statementMap":{},"fnMap":{},"branchMap":{},"s":{},"f":{},"b":{}}
,"C:/www/NUTRECIPE/build/src/service/Impl/RecipeServiceImpl.js": {"path":"C:/www/NUTRECIPE/build/src/service/Impl/RecipeServiceImpl.js","statementMap":{},"fnMap":{},"branchMap":{},"s":{},"f":{},"b":{}}
,"C:/www/NUTRECIPE/build/src/service/Impl/RegisterServiceImpl.js": {"path":"C:/www/NUTRECIPE/build/src/service/Impl/RegisterServiceImpl.js","statementMap":{},"fnMap":{},"branchMap":{},"s":{},"f":{},"b":{}}
,"C:/www/NUTRECIPE/build/src/service/Impl/UserServiceImpl.js": {"path":"C:/www/NUTRECIPE/build/src/service/Impl/UserServiceImpl.js","statementMap":{},"fnMap":{},"branchMap":{},"s":{},"f":{},"b":{}}
,"C:/www/NUTRECIPE/cypress/coverage/lcov-report/block-navigation.js": {"path":"C:/www/NUTRECIPE/cypress/coverage/lcov-report/block-navigation.js","statementMap":{},"fnMap":{},"branchMap":{},"s":{},"f":{},"b":{}}
,"C:/www/NUTRECIPE/cypress/coverage/lcov-report/prettify.js": {"path":"C:/www/NUTRECIPE/cypress/coverage/lcov-report/prettify.js","statementMap":{},"fnMap":{},"branchMap":{},"s":{},"f":{},"b":{}}
,"C:/www/NUTRECIPE/cypress/coverage/lcov-report/sorter.js": {"path":"C:/www/NUTRECIPE/cypress/coverage/lcov-report/sorter.js","statementMap":{},"fnMap":{},"branchMap":{},"s":{},"f":{},"b":{}}
,"C:/www/NUTRECIPE/cypress/integration/api.spec.ts": {"path":"C:/www/NUTRECIPE/cypress/integration/api.spec.ts","statementMap":{},"fnMap":{},"branchMap":{},"s":{},"f":{},"b":{}}
,"C:/www/NUTRECIPE/cypress/plugins/cy-ts-preprocessor.js": {"path":"C:/www/NUTRECIPE/cypress/plugins/cy-ts-preprocessor.js","statementMap":{},"fnMap":{},"branchMap":{},"s":{},"f":{},"b":{}}
,"C:/www/NUTRECIPE/cypress/plugins/index.js": {"path":"C:/www/NUTRECIPE/cypress/plugins/index.js","statementMap":{},"fnMap":{},"branchMap":{},"s":{},"f":{},"b":{}}
,"C:/www/NUTRECIPE/cypress/support/commands.js": {"path":"C:/www/NUTRECIPE/cypress/support/commands.js","statementMap":{},"fnMap":{},"branchMap":{},"s":{},"f":{},"b":{}}
,"C:/www/NUTRECIPE/cypress/support/index.js": {"path":"C:/www/NUTRECIPE/cypress/support/index.js","statementMap":{},"fnMap":{},"branchMap":{},"s":{},"f":{},"b":{}}
,"C:/www/NUTRECIPE/docs/assets/main.js": {"path":"C:/www/NUTRECIPE/docs/assets/main.js","statementMap":{},"fnMap":{},"branchMap":{},"s":{},"f":{},"b":{}}
,"C:/www/NUTRECIPE/docs/assets/search.js": {"path":"C:/www/NUTRECIPE/docs/assets/search.js","statementMap":{},"fnMap":{},"branchMap":{},"s":{},"f":{},"b":{}}
,"C:/www/NUTRECIPE/src/app.ts": {"path":"C:/www/NUTRECIPE/src/app.ts","statementMap":{},"fnMap":{},"branchMap":{},"s":{},"f":{},"b":{}}
,"C:/www/NUTRECIPE/src/fetchData.ts": {"path":"C:/www/NUTRECIPE/src/fetchData.ts","statementMap":{},"fnMap":{},"branchMap":{},"s":{},"f":{},"b":{}}
,"C:/www/NUTRECIPE/src/server.ts": {"path":"C:/www/NUTRECIPE/src/server.ts","statementMap":{},"fnMap":{},"branchMap":{},"s":{},"f":{},"b":{}}
,"C:/www/NUTRECIPE/src/DAO/BookmarkIngredientRepository.ts": {"path":"C:/www/NUTRECIPE/src/DAO/BookmarkIngredientRepository.ts","statementMap":{},"fnMap":{},"branchMap":{},"s":{},"f":{},"b":{}}
,"C:/www/NUTRECIPE/src/DAO/BookmarkRecipeRepository.ts": {"path":"C:/www/NUTRECIPE/src/DAO/BookmarkRecipeRepository.ts","statementMap":{},"fnMap":{},"branchMap":{},"s":{},"f":{},"b":{}}
,"C:/www/NUTRECIPE/src/DAO/IBaseRepository.ts": {"path":"C:/www/NUTRECIPE/src/DAO/IBaseRepository.ts","statementMap":{},"fnMap":{},"branchMap":{},"s":{},"f":{},"b":{}}
,"C:/www/NUTRECIPE/src/DAO/IBookmarkRepository.ts": {"path":"C:/www/NUTRECIPE/src/DAO/IBookmarkRepository.ts","statementMap":{},"fnMap":{},"branchMap":{},"s":{},"f":{},"b":{}}
,"C:/www/NUTRECIPE/src/DAO/IngredientRepository.ts": {"path":"C:/www/NUTRECIPE/src/DAO/IngredientRepository.ts","statementMap":{},"fnMap":{},"branchMap":{},"s":{},"f":{},"b":{}}
,"C:/www/NUTRECIPE/src/DAO/RecipeRepository.ts": {"path":"C:/www/NUTRECIPE/src/DAO/RecipeRepository.ts","statementMap":{},"fnMap":{},"branchMap":{},"s":{},"f":{},"b":{}}
,"C:/www/NUTRECIPE/src/DAO/UserRepository.ts": {"path":"C:/www/NUTRECIPE/src/DAO/UserRepository.ts","statementMap":{},"fnMap":{},"branchMap":{},"s":{},"f":{},"b":{}}
,"C:/www/NUTRECIPE/src/controllers/bookmarkIngredientController.ts": {"path":"C:/www/NUTRECIPE/src/controllers/bookmarkIngredientController.ts","statementMap":{},"fnMap":{},"branchMap":{},"s":{},"f":{},"b":{}}
,"C:/www/NUTRECIPE/src/controllers/bookmarkRecipeController.ts": {"path":"C:/www/NUTRECIPE/src/controllers/bookmarkRecipeController.ts","statementMap":{},"fnMap":{},"branchMap":{},"s":{},"f":{},"b":{}}
,"C:/www/NUTRECIPE/src/controllers/forgotPasswordController.ts": {"path":"C:/www/NUTRECIPE/src/controllers/forgotPasswordController.ts","statementMap":{},"fnMap":{},"branchMap":{},"s":{},"f":{},"b":{}}
,"C:/www/NUTRECIPE/src/controllers/ingredientsController.ts": {"path":"C:/www/NUTRECIPE/src/controllers/ingredientsController.ts","statementMap":{},"fnMap":{},"branchMap":{},"s":{},"f":{},"b":{}}
,"C:/www/NUTRECIPE/src/controllers/loginController.ts": {"path":"C:/www/NUTRECIPE/src/controllers/loginController.ts","statementMap":{},"fnMap":{},"branchMap":{},"s":{},"f":{},"b":{}}
,"C:/www/NUTRECIPE/src/controllers/recipesController.ts": {"path":"C:/www/NUTRECIPE/src/controllers/recipesController.ts","statementMap":{},"fnMap":{},"branchMap":{},"s":{},"f":{},"b":{}}
,"C:/www/NUTRECIPE/src/controllers/registerController.ts": {"path":"C:/www/NUTRECIPE/src/controllers/registerController.ts","statementMap":{},"fnMap":{},"branchMap":{},"s":{},"f":{},"b":{}}
,"C:/www/NUTRECIPE/src/controllers/rootController.ts": {"path":"C:/www/NUTRECIPE/src/controllers/rootController.ts","statementMap":{},"fnMap":{},"branchMap":{},"s":{},"f":{},"b":{}}
,"C:/www/NUTRECIPE/src/controllers/usersController.ts": {"path":"C:/www/NUTRECIPE/src/controllers/usersController.ts","statementMap":{},"fnMap":{},"branchMap":{},"s":{},"f":{},"b":{}}
,"C:/www/NUTRECIPE/src/entity/BookmarkIngredientEntity.ts": {"path":"C:/www/NUTRECIPE/src/entity/BookmarkIngredientEntity.ts","statementMap":{},"fnMap":{},"branchMap":{},"s":{},"f":{},"b":{}}
,"C:/www/NUTRECIPE/src/entity/BookmarkRecipeEntity.ts": {"path":"C:/www/NUTRECIPE/src/entity/BookmarkRecipeEntity.ts","statementMap":{},"fnMap":{},"branchMap":{},"s":{},"f":{},"b":{}}
,"C:/www/NUTRECIPE/src/entity/IngredientEntity.ts": {"path":"C:/www/NUTRECIPE/src/entity/IngredientEntity.ts","statementMap":{},"fnMap":{},"branchMap":{},"s":{},"f":{},"b":{}}
,"C:/www/NUTRECIPE/src/entity/RecipeEntity.ts": {"path":"C:/www/NUTRECIPE/src/entity/RecipeEntity.ts","statementMap":{},"fnMap":{},"branchMap":{},"s":{},"f":{},"b":{}}
,"C:/www/NUTRECIPE/src/entity/UserBookmarksEntity.ts": {"path":"C:/www/NUTRECIPE/src/entity/UserBookmarksEntity.ts","statementMap":{},"fnMap":{},"branchMap":{},"s":{},"f":{},"b":{}}
,"C:/www/NUTRECIPE/src/entity/UserEntity.ts": {"path":"C:/www/NUTRECIPE/src/entity/UserEntity.ts","statementMap":{},"fnMap":{},"branchMap":{},"s":{},"f":{},"b":{}}
,"C:/www/NUTRECIPE/src/handlers/ApiError.ts": {"path":"C:/www/NUTRECIPE/src/handlers/ApiError.ts","statementMap":{},"fnMap":{},"branchMap":{},"s":{},"f":{},"b":{}}
,"C:/www/NUTRECIPE/src/handlers/errorHandler.ts": {"path":"C:/www/NUTRECIPE/src/handlers/errorHandler.ts","statementMap":{},"fnMap":{},"branchMap":{},"s":{},"f":{},"b":{}}
,"C:/www/NUTRECIPE/src/handlers/httpStatusCode.ts": {"path":"C:/www/NUTRECIPE/src/handlers/httpStatusCode.ts","statementMap":{},"fnMap":{},"branchMap":{},"s":{},"f":{},"b":{}}
,"C:/www/NUTRECIPE/src/lib/config/database.ts": {"path":"C:/www/NUTRECIPE/src/lib/config/database.ts","statementMap":{},"fnMap":{},"branchMap":{},"s":{},"f":{},"b":{}}
,"C:/www/NUTRECIPE/src/lib/config/initEntities.ts": {"path":"C:/www/NUTRECIPE/src/lib/config/initEntities.ts","statementMap":{},"fnMap":{},"branchMap":{},"s":{},"f":{},"b":{}}
,"C:/www/NUTRECIPE/src/lib/config/morgan.ts": {"path":"C:/www/NUTRECIPE/src/lib/config/morgan.ts","statementMap":{},"fnMap":{},"branchMap":{},"s":{},"f":{},"b":{}}
,"C:/www/NUTRECIPE/src/lib/config/sonarqube.ts": {"path":"C:/www/NUTRECIPE/src/lib/config/sonarqube.ts","statementMap":{},"fnMap":{},"branchMap":{},"s":{},"f":{},"b":{}}
,"C:/www/NUTRECIPE/src/lib/config/winston.ts": {"path":"C:/www/NUTRECIPE/src/lib/config/winston.ts","statementMap":{},"fnMap":{},"branchMap":{},"s":{},"f":{},"b":{}}
,"C:/www/NUTRECIPE/src/model/baseModel.ts": {"path":"C:/www/NUTRECIPE/src/model/baseModel.ts","statementMap":{},"fnMap":{},"branchMap":{},"s":{},"f":{},"b":{}}
,"C:/www/NUTRECIPE/src/routes/routes.ts": {"path":"C:/www/NUTRECIPE/src/routes/routes.ts","statementMap":{},"fnMap":{},"branchMap":{},"s":{},"f":{},"b":{}}
,"C:/www/NUTRECIPE/src/service/IBookmarkIngredientService.ts": {"path":"C:/www/NUTRECIPE/src/service/IBookmarkIngredientService.ts","statementMap":{},"fnMap":{},"branchMap":{},"s":{},"f":{},"b":{}}
,"C:/www/NUTRECIPE/src/service/IBookmarkRecipeService.ts": {"path":"C:/www/NUTRECIPE/src/service/IBookmarkRecipeService.ts","statementMap":{},"fnMap":{},"branchMap":{},"s":{},"f":{},"b":{}}
,"C:/www/NUTRECIPE/src/service/IForgotPasswordService.ts": {"path":"C:/www/NUTRECIPE/src/service/IForgotPasswordService.ts","statementMap":{},"fnMap":{},"branchMap":{},"s":{},"f":{},"b":{}}
,"C:/www/NUTRECIPE/src/service/IIngredientService.ts": {"path":"C:/www/NUTRECIPE/src/service/IIngredientService.ts","statementMap":{},"fnMap":{},"branchMap":{},"s":{},"f":{},"b":{}}
,"C:/www/NUTRECIPE/src/service/ILoginService.ts": {"path":"C:/www/NUTRECIPE/src/service/ILoginService.ts","statementMap":{},"fnMap":{},"branchMap":{},"s":{},"f":{},"b":{}}
,"C:/www/NUTRECIPE/src/service/IRecipeService.ts": {"path":"C:/www/NUTRECIPE/src/service/IRecipeService.ts","statementMap":{},"fnMap":{},"branchMap":{},"s":{},"f":{},"b":{}}
,"C:/www/NUTRECIPE/src/service/IRegisterService.ts": {"path":"C:/www/NUTRECIPE/src/service/IRegisterService.ts","statementMap":{},"fnMap":{},"branchMap":{},"s":{},"f":{},"b":{}}
,"C:/www/NUTRECIPE/src/service/IUserService.ts": {"path":"C:/www/NUTRECIPE/src/service/IUserService.ts","statementMap":{},"fnMap":{},"branchMap":{},"s":{},"f":{},"b":{}}
,"C:/www/NUTRECIPE/src/service/Impl/BookmarkIngredientServiceImpl.ts": {"path":"C:/www/NUTRECIPE/src/service/Impl/BookmarkIngredientServiceImpl.ts","statementMap":{},"fnMap":{},"branchMap":{},"s":{},"f":{},"b":{}}
,"C:/www/NUTRECIPE/src/service/Impl/BookmarkRecipeServiceImpl.ts": {"path":"C:/www/NUTRECIPE/src/service/Impl/BookmarkRecipeServiceImpl.ts","statementMap":{},"fnMap":{},"branchMap":{},"s":{},"f":{},"b":{}}
,"C:/www/NUTRECIPE/src/service/Impl/ForgotPasswordServiceImpl.ts": {"path":"C:/www/NUTRECIPE/src/service/Impl/ForgotPasswordServiceImpl.ts","statementMap":{},"fnMap":{},"branchMap":{},"s":{},"f":{},"b":{}}
,"C:/www/NUTRECIPE/src/service/Impl/IngredientServiceImpl.ts": {"path":"C:/www/NUTRECIPE/src/service/Impl/IngredientServiceImpl.ts","statementMap":{},"fnMap":{},"branchMap":{},"s":{},"f":{},"b":{}}
,"C:/www/NUTRECIPE/src/service/Impl/LoginServiceImpl.ts": {"path":"C:/www/NUTRECIPE/src/service/Impl/LoginServiceImpl.ts","statementMap":{},"fnMap":{},"branchMap":{},"s":{},"f":{},"b":{}}
,"C:/www/NUTRECIPE/src/service/Impl/RecipeServiceImpl.ts": {"path":"C:/www/NUTRECIPE/src/service/Impl/RecipeServiceImpl.ts","statementMap":{},"fnMap":{},"branchMap":{},"s":{},"f":{},"b":{}}
,"C:/www/NUTRECIPE/src/service/Impl/RegisterServiceImpl.ts": {"path":"C:/www/NUTRECIPE/src/service/Impl/RegisterServiceImpl.ts","statementMap":{},"fnMap":{},"branchMap":{},"s":{},"f":{},"b":{}}
,"C:/www/NUTRECIPE/src/service/Impl/UserServiceImpl.ts": {"path":"C:/www/NUTRECIPE/src/service/Impl/UserServiceImpl.ts","statementMap":{},"fnMap":{},"branchMap":{},"s":{},"f":{},"b":{}}
}
